<?xml version="1.0" encoding="UTF-8"?>
<!-- Generated by org.testng.reporters.JUnitReportReporter -->
<testsuite hostname="DESKTOP-7KVIMBF" failures="0" tests="10" name="page.SignUpTest" time="129.286" errors="0" timestamp="2024-01-14T18:49:00 PST" skipped="0">
  <testcase classname="page.SignUpTest" name="testSignUpWithIncorrectAgeBelowLimit" time="12.892"/>
  <testcase classname="page.SignUpTest" name="testSignUpWithoutCredentials" time="13.504"/>
  <testcase classname="page.SignUpTest" name="testSignUpWithIncorrectAgeAboveLimit" time="13.887"/>
  <testcase classname="page.SignUpTest" name="testSignUpWithoutPassword" time="14.410"/>
  <testcase classname="page.SignUpTest" name="testSignUpWithoutUsername" time="12.869"/>
  <testcase classname="page.SignUpTest" name="testSignUpWithIncorrectUsernamePasswordAndAge" time="7.892"/>
  <testcase classname="page.SignUpTest" name="testSignUpWithoutAge" time="13.254"/>
  <testcase classname="page.SignUpTest" name="testSignUpWithNumbersAndSpecialCharacterUsername" time="13.525"/>
  <testcase classname="page.SignUpTest" name="testSignUpWithWeakPassword" time="13.090"/>
  <testcase classname="page.SignUpTest" name="testSuccessfulSignUp" time="13.963"/>
</testsuite> <!-- page.SignUpTest -->
