<?xml version="1.0" encoding="UTF-8"?>
<!-- Generated by org.testng.reporters.JUnitReportReporter -->
<testsuite hostname="DESKTOP-7KVIMBF" failures="0" tests="11" name="Page.SignUpTestSample" time="0.007" errors="1" timestamp="2024-01-14T21:07:54 PST" skipped="10">
  <testcase classname="Page.SignUpTestSample" name="testSignUpWithoutCredentials" time="0.000">
    <skipped/>
  </testcase> <!-- testSignUpWithoutCredentials -->
  <testcase classname="Page.SignUpTestSample" name="testSignUpWithIncorrectUsernamePasswordAndAge" time="0.000">
    <skipped/>
  </testcase> <!-- testSignUpWithIncorrectUsernamePasswordAndAge -->
  <testcase classname="Page.SignUpTestSample" name="testSignUpWithoutUsername" time="0.000">
    <skipped/>
  </testcase> <!-- testSignUpWithoutUsername -->
  <testcase classname="Page.SignUpTestSample" name="testSignUpWithWeakPassword" time="0.000">
    <skipped/>
  </testcase> <!-- testSignUpWithWeakPassword -->
  <testcase classname="Page.SignUpTestSample" name="testSignUpWithoutPassword" time="0.000">
    <skipped/>
  </testcase> <!-- testSignUpWithoutPassword -->
  <testcase classname="Page.SignUpTestSample" name="testSignUpWithoutAge" time="0.000">
    <skipped/>
  </testcase> <!-- testSignUpWithoutAge -->
  <testcase classname="Page.SignUpTestSample" name="testSignUpWithNumbersAndSpecialCharacterUsername" time="0.000">
    <skipped/>
  </testcase> <!-- testSignUpWithNumbersAndSpecialCharacterUsername -->
  <testcase classname="Page.SignUpTestSample" name="testSignUpWithIncorrectAgeAboveLimit" time="0.000">
    <skipped/>
  </testcase> <!-- testSignUpWithIncorrectAgeAboveLimit -->
  <testcase classname="Page.SignUpTestSample" name="testSignUpWithIncorrectAgeBelowLimit" time="0.000">
    <skipped/>
  </testcase> <!-- testSignUpWithIncorrectAgeBelowLimit -->
  <testcase classname="Page.SignUpTestSample" name="testSuccessfulSignUp" time="0.000">
    <skipped/>
  </testcase> <!-- testSuccessfulSignUp -->
  <testcase classname="Page.SignUpTestSample" name="setUp" time="0.007">
    <error message="page/SignUpPage (wrong name: Page/SignUpPage)" type="java.lang.NoClassDefFoundError">
      <![CDATA[java.lang.NoClassDefFoundError: page/SignUpPage (wrong name: Page/SignUpPage)
at java.base/java.lang.ClassLoader.defineClass1(Native Method)
at java.base/java.lang.ClassLoader.defineClass(ClassLoader.java:1017)
at java.base/java.security.SecureClassLoader.defineClass(SecureClassLoader.java:150)
at java.base/jdk.internal.loader.BuiltinClassLoader.defineClass(BuiltinClassLoader.java:862)
at java.base/jdk.internal.loader.BuiltinClassLoader.findClassOnClassPathOrNull(BuiltinClassLoader.java:760)
at java.base/jdk.internal.loader.BuiltinClassLoader.loadClassOrNull(BuiltinClassLoader.java:681)
at java.base/jdk.internal.loader.BuiltinClassLoader.loadClass(BuiltinClassLoader.java:639)
at java.base/jdk.internal.loader.ClassLoaders$AppClassLoader.loadClass(ClassLoaders.java:188)
at java.base/java.lang.ClassLoader.loadClass(ClassLoader.java:525)
at Page.SignUpTestSample.setUp(SignUpTestSample.java:19)
at java.base/jdk.internal.reflect.NativeMethodAccessorImpl.invoke0(Native Method)
at java.base/jdk.internal.reflect.NativeMethodAccessorImpl.invoke(NativeMethodAccessorImpl.java:77)
at java.base/jdk.internal.reflect.DelegatingMethodAccessorImpl.invoke(DelegatingMethodAccessorImpl.java:43)
at java.base/java.lang.reflect.Method.invoke(Method.java:568)
at org.testng.internal.invokers.MethodInvocationHelper.invokeMethod(MethodInvocationHelper.java:139)
at org.testng.internal.invokers.MethodInvocationHelper.invokeMethodConsideringTimeout(MethodInvocationHelper.java:69)
at org.testng.internal.invokers.ConfigInvoker.invokeConfigurationMethod(ConfigInvoker.java:390)
at org.testng.internal.invokers.ConfigInvoker.invokeConfigurations(ConfigInvoker.java:325)
at org.testng.internal.invokers.TestInvoker.runConfigMethods(TestInvoker.java:810)
at org.testng.internal.invokers.TestInvoker.invokeMethod(TestInvoker.java:577)
at org.testng.internal.invokers.TestInvoker.invokeTestMethod(TestInvoker.java:227)
at org.testng.internal.invokers.MethodRunner.runInSequence(MethodRunner.java:50)
at org.testng.internal.invokers.TestInvoker$MethodInvocationAgent.invoke(TestInvoker.java:957)
at org.testng.internal.invokers.TestInvoker.invokeTestMethods(TestInvoker.java:200)
at org.testng.internal.invokers.TestMethodWorker.invokeTestMethods(TestMethodWorker.java:148)
at org.testng.internal.invokers.TestMethodWorker.run(TestMethodWorker.java:128)
at java.base/java.util.ArrayList.forEach(ArrayList.java:1511)
at org.testng.TestRunner.privateRun(TestRunner.java:848)
at org.testng.TestRunner.run(TestRunner.java:621)
at org.testng.SuiteRunner.runTest(SuiteRunner.java:443)
at org.testng.SuiteRunner.runSequentially(SuiteRunner.java:437)
at org.testng.SuiteRunner.privateRun(SuiteRunner.java:397)
at org.testng.SuiteRunner.run(SuiteRunner.java:336)
at org.testng.SuiteRunnerWorker.runSuite(SuiteRunnerWorker.java:52)
at org.testng.SuiteRunnerWorker.run(SuiteRunnerWorker.java:95)
at org.testng.TestNG.runSuitesSequentially(TestNG.java:1280)
at org.testng.TestNG.runSuitesLocally(TestNG.java:1200)
at org.testng.TestNG.runSuites(TestNG.java:1114)
at org.testng.TestNG.run(TestNG.java:1082)
at org.testng.remote.AbstractRemoteTestNG.run(AbstractRemoteTestNG.java:115)
at org.testng.remote.RemoteTestNG.initAndRun(RemoteTestNG.java:251)
at org.testng.remote.RemoteTestNG.main(RemoteTestNG.java:77)
]]>
    </error>
  </testcase> <!-- setUp -->
</testsuite> <!-- Page.SignUpTestSample -->
