<?xml version="1.0" encoding="UTF-8"?>
<!-- Generated by org.testng.reporters.JUnitReportReporter -->
<testsuite hostname="DESKTOP-7KVIMBF" failures="0" tests="4" name="SDET.com.sdet.SignUpTest" time="54.115" errors="0" timestamp="2024-01-14T12:37:19 PST" skipped="0">
  <testcase classname="SDET.com.sdet.SignUpTest" name="testSignUpWithInvalidUsernameFormat" time="12.919"/>
  <testcase classname="SDET.com.sdet.SignUpTest" name="testSuccessfulSignUp" time="15.240"/>
  <testcase classname="SDET.com.sdet.SignUpTest" name="testSignUpWithInvalidUsername" time="13.065"/>
  <testcase classname="SDET.com.sdet.SignUpTest" name="testSignUpWithoutUsername" time="12.891"/>
</testsuite> <!-- SDET.com.sdet.SignUpTest -->
