<?xml version="1.0" encoding="UTF-8"?>
<!-- Generated by org.testng.reporters.JUnitReportReporter -->
<testsuite hostname="DESKTOP-7KVIMBF" failures="0" tests="10" name="Test.SignUpTest" time="129.349" errors="0" timestamp="2024-01-14T23:23:12 PST" skipped="0">
  <testcase classname="Test.SignUpTest" name="testSignUpWithIncorrectAgeAboveLimit" time="14.409"/>
  <testcase classname="Test.SignUpTest" name="testSignUpWithWeakPassword" time="13.676"/>
  <testcase classname="Test.SignUpTest" name="testSignUpWithoutAge" time="13.170"/>
  <testcase classname="Test.SignUpTest" name="testSignUpWithoutPassword" time="12.992"/>
  <testcase classname="Test.SignUpTest" name="testSignUpWithIncorrectAgeBelowLimit" time="13.630"/>
  <testcase classname="Test.SignUpTest" name="testSignUpWithoutCredentials" time="13.127"/>
  <testcase classname="Test.SignUpTest" name="testSignUpWithNumbersAndSpecialCharacterUsername" time="12.919"/>
  <testcase classname="Test.SignUpTest" name="testSignUpWithoutUsername" time="13.198"/>
  <testcase classname="Test.SignUpTest" name="testSignUpWithIncorrectUsernamePasswordAndAge" time="8.030"/>
  <testcase classname="Test.SignUpTest" name="testSuccessfulSignUp" time="14.198"/>
</testsuite> <!-- Test.SignUpTest -->
