<?xml version="1.0" encoding="UTF-8"?>
<!-- Generated by org.testng.reporters.JUnitReportReporter -->
<testsuite hostname="DESKTOP-7KVIMBF" failures="0" tests="10" name="Test.Demo" time="126.564" errors="0" timestamp="2024-01-14T20:19:23 PST" skipped="0">
  <testcase classname="Test.Demo" name="testSignUpWithWeakPassword" time="13.273"/>
  <testcase classname="Test.Demo" name="testSignUpWithoutCredentials" time="13.565"/>
  <testcase classname="Test.Demo" name="testSignUpWithIncorrectAgeAboveLimit" time="13.099"/>
  <testcase classname="Test.Demo" name="testSuccessfulSignUp" time="13.505"/>
  <testcase classname="Test.Demo" name="testSignUpWithIncorrectAgeBelowLimit" time="13.066"/>
  <testcase classname="Test.Demo" name="testSignUpWithIncorrectUsernamePasswordAndAge" time="7.814"/>
  <testcase classname="Test.Demo" name="testSignUpWithNumbersAndSpecialCharacterUsername" time="13.196"/>
  <testcase classname="Test.Demo" name="testSignUpWithoutAge" time="12.971"/>
  <testcase classname="Test.Demo" name="testSignUpWithoutPassword" time="13.046"/>
  <testcase classname="Test.Demo" name="testSignUpWithoutUsername" time="13.029"/>
</testsuite> <!-- Test.Demo -->
